<?xml version="1.0" encoding="UTF-8"?>
<coverage generated="1604494376">
  <project timestamp="1604494376">
    <package name="SecureNative\sdk">
      <file name="/Users/inbaltako/code/securenative-php/src/ConfigurationManager.php">
        <class name="SecureNative\sdk\ConfigurationManager" namespace="SecureNative\sdk">
          <metrics complexity="23" methods="6" coveredmethods="2" conditionals="0" coveredconditionals="0" statements="49" coveredstatements="42" elements="55" coveredelements="44"/>
        </class>
        <line num="8" type="stmt" count="12"/>
        <line num="9" type="stmt" count="12"/>
        <line num="10" type="stmt" count="12"/>
        <line num="11" type="stmt" count="12"/>
        <line num="12" type="stmt" count="12"/>
        <line num="13" type="stmt" count="12"/>
        <line num="14" type="stmt" count="12"/>
        <line num="15" type="stmt" count="12"/>
        <line num="16" type="stmt" count="12"/>
        <line num="17" type="stmt" count="12"/>
        <line num="18" type="stmt" count="12"/>
        <line num="24" type="stmt" count="8"/>
        <line num="33" type="method" name="readConfigFile" complexity="9" crap="9.16" count="12"/>
        <line num="35" type="stmt" count="12"/>
        <line num="36" type="stmt" count="12"/>
        <line num="37" type="stmt" count="12"/>
        <line num="40" type="stmt" count="12"/>
        <line num="41" type="stmt" count="12"/>
        <line num="42" type="stmt" count="6"/>
        <line num="44" type="stmt" count="6"/>
        <line num="46" type="stmt" count="6"/>
        <line num="47" type="stmt" count="12"/>
        <line num="49" type="stmt" count="5"/>
        <line num="50" type="stmt" count="5"/>
        <line num="52" type="stmt" count="5"/>
        <line num="53" type="stmt" count="5"/>
        <line num="59" type="stmt" count="0"/>
        <line num="60" type="stmt" count="0"/>
        <line num="63" type="stmt" count="12"/>
        <line num="66" type="method" name="setConfigKey" complexity="2" crap="6" count="0"/>
        <line num="68" type="stmt" count="0"/>
        <line num="69" type="stmt" count="0"/>
        <line num="71" type="stmt" count="0"/>
        <line num="73" type="method" name="getConfigKey" complexity="1" crap="2" count="0"/>
        <line num="75" type="stmt" count="0"/>
        <line num="78" type="method" name="loadConfig" visibility="private" complexity="7" crap="7" count="8"/>
        <line num="80" type="stmt" count="8"/>
        <line num="84" type="stmt" count="8"/>
        <line num="85" type="stmt" count="8"/>
        <line num="87" type="stmt" count="8"/>
        <line num="88" type="stmt" count="2"/>
        <line num="89" type="stmt" count="2"/>
        <line num="90" type="stmt" count="2"/>
        <line num="91" type="stmt" count="2"/>
        <line num="92" type="stmt" count="2"/>
        <line num="93" type="stmt" count="0"/>
        <line num="97" type="stmt" count="8"/>
        <line num="98" type="stmt" count="8"/>
        <line num="100" type="stmt" count="8"/>
        <line num="101" type="stmt" count="8"/>
        <line num="102" type="stmt" count="8"/>
        <line num="103" type="stmt" count="8"/>
        <line num="104" type="stmt" count="8"/>
        <line num="105" type="stmt" count="8"/>
        <line num="106" type="stmt" count="8"/>
        <line num="107" type="stmt" count="8"/>
        <line num="108" type="stmt" count="8"/>
        <line num="109" type="stmt" count="8"/>
        <line num="110" type="stmt" count="8"/>
        <line num="112" type="stmt" count="8"/>
        <line num="114" type="method" name="clearConfig" complexity="1" crap="1" count="11"/>
        <line num="116" type="stmt" count="11"/>
        <line num="117" type="stmt" count="11"/>
        <line num="119" type="method" name="getConfig" complexity="3" crap="3" count="8"/>
        <line num="121" type="stmt" count="8"/>
        <line num="122" type="stmt" count="8"/>
        <line num="124" type="stmt" count="8"/>
        <metrics loc="127" ncloc="121" classes="1" methods="6" coveredmethods="2" conditionals="0" coveredconditionals="0" statements="61" coveredstatements="54" elements="67" coveredelements="56"/>
      </file>
      <file name="/Users/inbaltako/code/securenative-php/src/Enums/EventTypes.php">
        <class name="SecureNative\sdk\EventTypes" namespace="SecureNative\sdk">
          <metrics complexity="0" methods="0" coveredmethods="0" conditionals="0" coveredconditionals="0" statements="0" coveredstatements="0" elements="0" coveredelements="0"/>
        </class>
        <metrics loc="46" ncloc="46" classes="0" methods="0" coveredmethods="0" conditionals="0" coveredconditionals="0" statements="0" coveredstatements="0" elements="0" coveredelements="0"/>
      </file>
      <file name="/Users/inbaltako/code/securenative-php/src/Enums/RiskLevels.php">
        <class name="SecureNative\sdk\RiskLevels" namespace="SecureNative\sdk">
          <metrics complexity="0" methods="0" coveredmethods="0" conditionals="0" coveredconditionals="0" statements="0" coveredstatements="0" elements="0" coveredelements="0"/>
        </class>
        <metrics loc="12" ncloc="12" classes="0" methods="0" coveredmethods="0" conditionals="0" coveredconditionals="0" statements="0" coveredstatements="0" elements="0" coveredelements="0"/>
      </file>
      <file name="/Users/inbaltako/code/securenative-php/src/EventManager.php">
        <class name="SecureNative\sdk\EventManager" namespace="SecureNative\sdk">
          <metrics complexity="32" methods="6" coveredmethods="4" conditionals="0" coveredconditionals="0" statements="63" coveredstatements="54" elements="69" coveredelements="58"/>
        </class>
        <line num="18" type="method" name="__construct" visibility="public" complexity="2" crap="2" count="9"/>
        <line num="20" type="stmt" count="9"/>
        <line num="21" type="stmt" count="9"/>
        <line num="22" type="stmt" count="9"/>
        <line num="23" type="stmt" count="9"/>
        <line num="24" type="stmt" count="9"/>
        <line num="26" type="method" name="buildEvent" visibility="public" complexity="17" crap="17" count="8"/>
        <line num="28" type="stmt" count="8"/>
        <line num="29" type="stmt" count="8"/>
        <line num="30" type="stmt" count="8"/>
        <line num="32" type="stmt" count="8"/>
        <line num="33" type="stmt" count="8"/>
        <line num="34" type="stmt" count="8"/>
        <line num="35" type="stmt" count="8"/>
        <line num="36" type="stmt" count="8"/>
        <line num="37" type="stmt" count="8"/>
        <line num="38" type="stmt" count="8"/>
        <line num="39" type="stmt" count="8"/>
        <line num="40" type="stmt" count="8"/>
        <line num="41" type="stmt" count="8"/>
        <line num="42" type="stmt" count="8"/>
        <line num="43" type="stmt" count="8"/>
        <line num="45" type="stmt" count="8"/>
        <line num="47" type="stmt" count="8"/>
        <line num="48" type="stmt" count="8"/>
        <line num="50" type="stmt" count="8"/>
        <line num="52" type="stmt" count="8"/>
        <line num="54" type="stmt" count="8"/>
        <line num="57" type="method" name="sendSync" visibility="public" complexity="2" crap="2" count="3"/>
        <line num="60" type="stmt" count="3"/>
        <line num="61" type="stmt" count="3"/>
        <line num="62" type="stmt" count="2"/>
        <line num="63" type="stmt" count="2"/>
        <line num="64" type="stmt" count="2"/>
        <line num="65" type="stmt" count="1"/>
        <line num="66" type="stmt" count="1"/>
        <line num="67" type="stmt" count="1"/>
        <line num="71" type="method" name="sendAsync" visibility="public" complexity="3" crap="3.58" count="4"/>
        <line num="73" type="stmt" count="4"/>
        <line num="74" type="stmt" count="0"/>
        <line num="77" type="stmt" count="4"/>
        <line num="79" type="stmt" count="4"/>
        <line num="80" type="stmt" count="4"/>
        <line num="83" type="stmt" count="4"/>
        <line num="84" type="stmt" count="0"/>
        <line num="85" type="stmt" count="0"/>
        <line num="86" type="stmt" count="0"/>
        <line num="88" type="stmt" count="4"/>
        <line num="90" type="method" name="sendEvents" visibility="private" complexity="7" crap="8.05" count="4"/>
        <line num="92" type="stmt" count="4"/>
        <line num="93" type="stmt" count="4"/>
        <line num="95" type="stmt" count="4"/>
        <line num="98" type="stmt" count="3"/>
        <line num="100" type="stmt" count="3"/>
        <line num="101" type="stmt" count="3"/>
        <line num="102" type="stmt" count="3"/>
        <line num="103" type="stmt" count="0"/>
        <line num="104" type="stmt" count="0"/>
        <line num="107" type="stmt" count="3"/>
        <line num="111" type="stmt" count="1"/>
        <line num="112" type="stmt" count="0"/>
        <line num="113" type="stmt" count="0"/>
        <line num="114" type="stmt" count="0"/>
        <line num="117" type="stmt" count="1"/>
        <line num="119" type="stmt" count="4"/>
        <line num="120" type="stmt" count="4"/>
        <line num="122" type="stmt" count="4"/>
        <line num="128" type="method" name="getEventsQueue" visibility="public" complexity="1" crap="1" count="4"/>
        <line num="129" type="stmt" count="4"/>
        <metrics loc="132" ncloc="126" classes="1" methods="6" coveredmethods="4" conditionals="0" coveredconditionals="0" statements="63" coveredstatements="54" elements="69" coveredelements="58"/>
      </file>
      <file name="/Users/inbaltako/code/securenative-php/src/HttpClient.php">
        <class name="SecureNative\sdk\HttpClient" namespace="SecureNative\sdk">
          <metrics complexity="3" methods="3" coveredmethods="3" conditionals="0" coveredconditionals="0" statements="12" coveredstatements="12" elements="15" coveredelements="15"/>
        </class>
        <line num="10" type="method" name="__construct" visibility="public" complexity="1" crap="1" count="1"/>
        <line num="13" type="stmt" count="1"/>
        <line num="14" type="stmt" count="1"/>
        <line num="15" type="stmt" count="1"/>
        <line num="17" type="stmt" count="1"/>
        <line num="18" type="stmt" count="1"/>
        <line num="19" type="stmt" count="1"/>
        <line num="20" type="stmt" count="1"/>
        <line num="24" type="stmt" count="1"/>
        <line num="25" type="stmt" count="1"/>
        <line num="26" type="stmt" count="1"/>
        <line num="28" type="method" name="getHandlerStack" visibility="protected" complexity="1" crap="1" count="1"/>
        <line num="30" type="stmt" count="1"/>
        <line num="33" type="method" name="getHandler" visibility="protected" complexity="1" crap="1" count="1"/>
        <line num="35" type="stmt" count="1"/>
        <metrics loc="36" ncloc="36" classes="1" methods="3" coveredmethods="3" conditionals="0" coveredconditionals="0" statements="12" coveredstatements="12" elements="15" coveredelements="15"/>
      </file>
      <file name="/Users/inbaltako/code/securenative-php/src/Logger.php">
        <class name="SecureNative\sdk\Logger" namespace="SecureNative\sdk">
          <metrics complexity="12" methods="7" coveredmethods="5" conditionals="0" coveredconditionals="0" statements="20" coveredstatements="14" elements="27" coveredelements="19"/>
        </class>
        <line num="19" type="method" name="init" visibility="public" complexity="1" crap="1" count="4"/>
        <line num="20" type="stmt" count="4"/>
        <line num="22" type="stmt" count="4"/>
        <line num="23" type="stmt" count="4"/>
        <line num="24" type="stmt" count="4"/>
        <line num="26" type="method" name="hasLoggerInstance" visibility="private" complexity="1" crap="1" count="11"/>
        <line num="27" type="stmt" count="11"/>
        <line num="30" type="method" name="debug" visibility="public" complexity="2" crap="2" count="8"/>
        <line num="31" type="stmt" count="8"/>
        <line num="32" type="stmt" count="8"/>
        <line num="34" type="stmt" count="8"/>
        <line num="36" type="method" name="info" visibility="public" complexity="2" crap="6" count="0"/>
        <line num="37" type="stmt" count="0"/>
        <line num="38" type="stmt" count="0"/>
        <line num="40" type="stmt" count="0"/>
        <line num="42" type="method" name="error" visibility="public" complexity="2" crap="2" count="8"/>
        <line num="43" type="stmt" count="8"/>
        <line num="44" type="stmt" count="7"/>
        <line num="46" type="stmt" count="8"/>
        <line num="48" type="method" name="warning" visibility="public" complexity="2" crap="2" count="2"/>
        <line num="49" type="stmt" count="2"/>
        <line num="50" type="stmt" count="2"/>
        <line num="52" type="stmt" count="2"/>
        <line num="54" type="method" name="fatal" visibility="public" complexity="2" crap="6" count="0"/>
        <line num="55" type="stmt" count="0"/>
        <line num="56" type="stmt" count="0"/>
        <line num="58" type="stmt" count="0"/>
        <metrics loc="58" ncloc="56" classes="1" methods="7" coveredmethods="5" conditionals="0" coveredconditionals="0" statements="20" coveredstatements="14" elements="27" coveredelements="19"/>
      </file>
      <file name="/Users/inbaltako/code/securenative-php/src/Middleware.php">
        <class name="SecureNative\sdk\Middleware" namespace="SecureNative\sdk">
          <metrics complexity="3" methods="2" coveredmethods="1" conditionals="0" coveredconditionals="0" statements="7" coveredstatements="2" elements="9" coveredelements="3"/>
        </class>
        <line num="5" type="stmt" count="0"/>
        <line num="11" type="method" name="__construct" visibility="public" complexity="1" crap="1" count="4"/>
        <line num="13" type="stmt" count="4"/>
        <line num="14" type="stmt" count="4"/>
        <line num="16" type="method" name="verifySignature" visibility="public" complexity="2" crap="6" count="0"/>
        <line num="18" type="stmt" count="0"/>
        <line num="19" type="stmt" count="0"/>
        <line num="20" type="stmt" count="0"/>
        <line num="21" type="stmt" count="0"/>
        <line num="22" type="stmt" count="0"/>
        <metrics loc="24" ncloc="24" classes="1" methods="2" coveredmethods="1" conditionals="0" coveredconditionals="0" statements="8" coveredstatements="2" elements="10" coveredelements="3"/>
      </file>
      <file name="/Users/inbaltako/code/securenative-php/src/Models/Context.php">
        <class name="SecureNative\sdk\Context" namespace="SecureNative\sdk">
          <metrics complexity="1" methods="1" coveredmethods="1" conditionals="0" coveredconditionals="0" statements="7" coveredstatements="7" elements="8" coveredelements="8"/>
        </class>
        <line num="14" type="method" name="__construct" visibility="public" complexity="1" crap="1" count="9"/>
        <line num="16" type="stmt" count="9"/>
        <line num="17" type="stmt" count="9"/>
        <line num="18" type="stmt" count="9"/>
        <line num="19" type="stmt" count="9"/>
        <line num="20" type="stmt" count="9"/>
        <line num="21" type="stmt" count="9"/>
        <line num="22" type="stmt" count="9"/>
        <metrics loc="23" ncloc="23" classes="1" methods="1" coveredmethods="1" conditionals="0" coveredconditionals="0" statements="7" coveredstatements="7" elements="8" coveredelements="8"/>
      </file>
      <file name="/Users/inbaltako/code/securenative-php/src/Models/EventOptions.php">
        <class name="SecureNative\sdk\EventOptions" namespace="SecureNative\sdk">
          <metrics complexity="22" methods="2" coveredmethods="1" conditionals="0" coveredconditionals="0" statements="28" coveredstatements="27" elements="30" coveredelements="28"/>
        </class>
        <line num="33" type="method" name="__construct" visibility="public" complexity="3" crap="3" count="9"/>
        <line num="35" type="stmt" count="9"/>
        <line num="36" type="stmt" count="9"/>
        <line num="37" type="stmt" count="9"/>
        <line num="38" type="stmt" count="9"/>
        <line num="40" type="stmt" count="9"/>
        <line num="42" type="stmt" count="9"/>
        <line num="44" type="method" name="set" visibility="private" complexity="19" crap="19" count="9"/>
        <line num="46" type="stmt" count="9"/>
        <line num="47" type="stmt" count="9"/>
        <line num="49" type="stmt" count="9"/>
        <line num="50" type="stmt" count="9"/>
        <line num="51" type="stmt" count="9"/>
        <line num="52" type="stmt" count="9"/>
        <line num="53" type="stmt" count="9"/>
        <line num="54" type="stmt" count="9"/>
        <line num="58" type="stmt" count="9"/>
        <line num="59" type="stmt" count="9"/>
        <line num="60" type="stmt" count="9"/>
        <line num="61" type="stmt" count="9"/>
        <line num="62" type="stmt" count="9"/>
        <line num="63" type="stmt" count="9"/>
        <line num="64" type="stmt" count="9"/>
        <line num="65" type="stmt" count="9"/>
        <line num="66" type="stmt" count="9"/>
        <line num="71" type="stmt" count="9"/>
        <line num="72" type="stmt" count="0"/>
        <line num="75" type="stmt" count="9"/>
        <line num="76" type="stmt" count="9"/>
        <line num="77" type="stmt" count="9"/>
        <metrics loc="78" ncloc="78" classes="1" methods="2" coveredmethods="1" conditionals="0" coveredconditionals="0" statements="28" coveredstatements="27" elements="30" coveredelements="28"/>
      </file>
      <file name="/Users/inbaltako/code/securenative-php/src/Models/RequestContext.php">
        <class name="SecureNative\sdk\RequestContext" namespace="SecureNative\sdk">
          <metrics complexity="17" methods="17" coveredmethods="1" conditionals="0" coveredconditionals="0" statements="33" coveredstatements="9" elements="50" coveredelements="10"/>
        </class>
        <line num="27" type="method" name="__construct" visibility="public" complexity="1" crap="1" count="8"/>
        <line num="29" type="stmt" count="8"/>
        <line num="30" type="stmt" count="8"/>
        <line num="31" type="stmt" count="8"/>
        <line num="32" type="stmt" count="8"/>
        <line num="33" type="stmt" count="8"/>
        <line num="34" type="stmt" count="8"/>
        <line num="35" type="stmt" count="8"/>
        <line num="36" type="stmt" count="8"/>
        <line num="37" type="stmt" count="8"/>
        <line num="42" type="method" name="getCid" visibility="public" complexity="1" crap="2" count="0"/>
        <line num="44" type="stmt" count="0"/>
        <line num="51" type="method" name="setCid" visibility="public" complexity="1" crap="2" count="0"/>
        <line num="53" type="stmt" count="0"/>
        <line num="54" type="stmt" count="0"/>
        <line num="60" type="method" name="getVid" visibility="public" complexity="1" crap="2" count="0"/>
        <line num="62" type="stmt" count="0"/>
        <line num="69" type="method" name="setVid" visibility="public" complexity="1" crap="2" count="0"/>
        <line num="71" type="stmt" count="0"/>
        <line num="72" type="stmt" count="0"/>
        <line num="78" type="method" name="getFp" visibility="public" complexity="1" crap="2" count="0"/>
        <line num="80" type="stmt" count="0"/>
        <line num="87" type="method" name="setFp" visibility="public" complexity="1" crap="2" count="0"/>
        <line num="89" type="stmt" count="0"/>
        <line num="90" type="stmt" count="0"/>
        <line num="96" type="method" name="getIp" visibility="public" complexity="1" crap="2" count="0"/>
        <line num="98" type="stmt" count="0"/>
        <line num="105" type="method" name="setIp" visibility="public" complexity="1" crap="2" count="0"/>
        <line num="107" type="stmt" count="0"/>
        <line num="108" type="stmt" count="0"/>
        <line num="114" type="method" name="getRemoteIp" visibility="public" complexity="1" crap="2" count="0"/>
        <line num="116" type="stmt" count="0"/>
        <line num="123" type="method" name="setRemoteIp" visibility="public" complexity="1" crap="2" count="0"/>
        <line num="125" type="stmt" count="0"/>
        <line num="126" type="stmt" count="0"/>
        <line num="132" type="method" name="getMethod" visibility="public" complexity="1" crap="2" count="0"/>
        <line num="134" type="stmt" count="0"/>
        <line num="141" type="method" name="setMethod" visibility="public" complexity="1" crap="2" count="0"/>
        <line num="143" type="stmt" count="0"/>
        <line num="144" type="stmt" count="0"/>
        <line num="150" type="method" name="getUrl" visibility="public" complexity="1" crap="2" count="0"/>
        <line num="152" type="stmt" count="0"/>
        <line num="159" type="method" name="setUrl" visibility="public" complexity="1" crap="2" count="0"/>
        <line num="161" type="stmt" count="0"/>
        <line num="162" type="stmt" count="0"/>
        <line num="168" type="method" name="getHeaders" visibility="public" complexity="1" crap="2" count="0"/>
        <line num="170" type="stmt" count="0"/>
        <line num="177" type="method" name="setHeaders" visibility="public" complexity="1" crap="2" count="0"/>
        <line num="179" type="stmt" count="0"/>
        <line num="180" type="stmt" count="0"/>
        <metrics loc="185" ncloc="118" classes="1" methods="17" coveredmethods="1" conditionals="0" coveredconditionals="0" statements="33" coveredstatements="9" elements="50" coveredelements="10"/>
      </file>
      <file name="/Users/inbaltako/code/securenative-php/src/Models/SecurenativeEvent.php">
        <class name="SecureNative\sdk\SecurenativeEvent" namespace="SecureNative\sdk">
          <metrics complexity="1" methods="1" coveredmethods="1" conditionals="0" coveredconditionals="0" statements="8" coveredstatements="8" elements="9" coveredelements="9"/>
        </class>
        <line num="25" type="method" name="__construct" visibility="public" complexity="1" crap="1" count="8"/>
        <line num="27" type="stmt" count="8"/>
        <line num="28" type="stmt" count="8"/>
        <line num="29" type="stmt" count="8"/>
        <line num="30" type="stmt" count="8"/>
        <line num="31" type="stmt" count="8"/>
        <line num="32" type="stmt" count="8"/>
        <line num="33" type="stmt" count="8"/>
        <line num="34" type="stmt" count="8"/>
        <metrics loc="35" ncloc="25" classes="1" methods="1" coveredmethods="1" conditionals="0" coveredconditionals="0" statements="8" coveredstatements="8" elements="9" coveredelements="9"/>
      </file>
      <file name="/Users/inbaltako/code/securenative-php/src/Models/UserTraits.php">
        <class name="SecureNative\sdk\UserTraits" namespace="SecureNative\sdk">
          <metrics complexity="1" methods="1" coveredmethods="1" conditionals="0" coveredconditionals="0" statements="4" coveredstatements="4" elements="5" coveredelements="5"/>
        </class>
        <line num="11" type="method" name="__construct" visibility="public" complexity="1" crap="1" count="9"/>
        <line num="13" type="stmt" count="9"/>
        <line num="14" type="stmt" count="9"/>
        <line num="15" type="stmt" count="9"/>
        <line num="16" type="stmt" count="9"/>
        <metrics loc="16" ncloc="16" classes="1" methods="1" coveredmethods="1" conditionals="0" coveredconditionals="0" statements="4" coveredstatements="4" elements="5" coveredelements="5"/>
      </file>
      <file name="/Users/inbaltako/code/securenative-php/src/Models/VerifyResult.php">
        <class name="SecureNative\sdk\VerifyResult" namespace="SecureNative\sdk">
          <metrics complexity="1" methods="1" coveredmethods="0" conditionals="0" coveredconditionals="0" statements="4" coveredstatements="0" elements="5" coveredelements="0"/>
        </class>
        <line num="11" type="method" name="__construct" visibility="public" complexity="1" crap="2" count="0"/>
        <line num="13" type="stmt" count="0"/>
        <line num="14" type="stmt" count="0"/>
        <line num="15" type="stmt" count="0"/>
        <line num="16" type="stmt" count="0"/>
        <metrics loc="17" ncloc="17" classes="1" methods="1" coveredmethods="0" conditionals="0" coveredconditionals="0" statements="4" coveredstatements="0" elements="5" coveredelements="0"/>
      </file>
      <file name="/Users/inbaltako/code/securenative-php/src/SecureNative.php">
        <class name="SecureNative\sdk\SecureNative" namespace="SecureNative\sdk">
          <metrics complexity="23" methods="8" coveredmethods="2" conditionals="0" coveredconditionals="0" statements="50" coveredstatements="34" elements="58" coveredelements="36"/>
        </class>
        <line num="6" type="stmt" count="0"/>
        <line num="16" type="method" name="init" visibility="public" complexity="8" crap="8.12" count="6"/>
        <line num="18" type="stmt" count="6"/>
        <line num="19" type="stmt" count="2"/>
        <line num="20" type="stmt" count="2"/>
        <line num="23" type="stmt" count="4"/>
        <line num="25" type="stmt" count="4"/>
        <line num="26" type="stmt" count="0"/>
        <line num="29" type="stmt" count="4"/>
        <line num="30" type="stmt" count="0"/>
        <line num="32" type="stmt" count="4"/>
        <line num="35" type="stmt" count="4"/>
        <line num="36" type="stmt" count="4"/>
        <line num="38" type="stmt" count="4"/>
        <line num="39" type="stmt" count="4"/>
        <line num="40" type="stmt" count="4"/>
        <line num="41" type="stmt" count="4"/>
        <line num="42" type="stmt" count="4"/>
        <line num="44" type="method" name="track" visibility="public" complexity="6" crap="6.73" count="2"/>
        <line num="46" type="stmt" count="2"/>
        <line num="47" type="stmt" count="0"/>
        <line num="50" type="stmt" count="2"/>
        <line num="52" type="stmt" count="2"/>
        <line num="53" type="stmt" count="0"/>
        <line num="56" type="stmt" count="2"/>
        <line num="57" type="stmt" count="0"/>
        <line num="60" type="stmt" count="2"/>
        <line num="61" type="stmt" count="2"/>
        <line num="62" type="stmt" count="2"/>
        <line num="63" type="stmt" count="2"/>
        <line num="65" type="method" name="verify" visibility="public" complexity="3" crap="3.18" count="1"/>
        <line num="67" type="stmt" count="1"/>
        <line num="68" type="stmt" count="0"/>
        <line num="71" type="stmt" count="1"/>
        <line num="72" type="stmt" count="1"/>
        <line num="73" type="stmt" count="1"/>
        <line num="74" type="stmt" count="1"/>
        <line num="76" type="stmt" count="1"/>
        <line num="77" type="stmt" count="0"/>
        <line num="78" type="stmt" count="0"/>
        <line num="80" type="stmt" count="1"/>
        <line num="83" type="stmt" count="1"/>
        <line num="86" type="method" name="flow" visibility="public" complexity="2" crap="6" count="0"/>
        <line num="88" type="stmt" count="0"/>
        <line num="89" type="stmt" count="0"/>
        <line num="92" type="stmt" count="0"/>
        <line num="93" type="stmt" count="0"/>
        <line num="94" type="stmt" count="0"/>
        <line num="95" type="stmt" count="0"/>
        <line num="98" type="method" name="getMiddleware" visibility="public" complexity="1" crap="2" count="0"/>
        <line num="100" type="stmt" count="0"/>
        <line num="106" type="method" name="getApiKey" visibility="public" complexity="1" crap="2" count="0"/>
        <line num="108" type="stmt" count="0"/>
        <line num="114" type="method" name="fromRequest" visibility="public" complexity="1" crap="1" count="9"/>
        <line num="116" type="stmt" count="9"/>
        <line num="122" type="method" name="destroy" visibility="public" complexity="1" crap="1" count="3"/>
        <line num="123" type="stmt" count="3"/>
        <line num="124" type="stmt" count="3"/>
        <line num="125" type="stmt" count="3"/>
        <metrics loc="126" ncloc="115" classes="1" methods="8" coveredmethods="2" conditionals="0" coveredconditionals="0" statements="51" coveredstatements="34" elements="59" coveredelements="36"/>
      </file>
      <file name="/Users/inbaltako/code/securenative-php/src/SecureNativeContext.php">
        <class name="SecureNative\sdk\SecureNativeContext" namespace="SecureNative\sdk">
          <metrics complexity="17" methods="16" coveredmethods="2" conditionals="0" coveredconditionals="0" statements="37" coveredstatements="16" elements="53" coveredelements="18"/>
        </class>
        <line num="27" type="method" name="__construct" visibility="public" complexity="1" crap="1" count="10"/>
        <line num="29" type="stmt" count="10"/>
        <line num="30" type="stmt" count="10"/>
        <line num="31" type="stmt" count="10"/>
        <line num="32" type="stmt" count="10"/>
        <line num="33" type="stmt" count="10"/>
        <line num="34" type="stmt" count="10"/>
        <line num="35" type="stmt" count="10"/>
        <line num="36" type="stmt" count="10"/>
        <line num="38" type="method" name="fromRequest" visibility="public" complexity="2" crap="2" count="9"/>
        <line num="40" type="stmt" count="9"/>
        <line num="41" type="stmt" count="9"/>
        <line num="42" type="stmt" count="9"/>
        <line num="43" type="stmt" count="9"/>
        <line num="44" type="stmt" count="9"/>
        <line num="45" type="stmt" count="9"/>
        <line num="46" type="stmt" count="9"/>
        <line num="48" type="stmt" count="9"/>
        <line num="54" type="method" name="getClientToken" visibility="public" complexity="1" crap="2" count="0"/>
        <line num="56" type="stmt" count="0"/>
        <line num="63" type="method" name="setClientToken" visibility="public" complexity="1" crap="2" count="0"/>
        <line num="65" type="stmt" count="0"/>
        <line num="66" type="stmt" count="0"/>
        <line num="72" type="method" name="getIp" visibility="public" complexity="1" crap="2" count="0"/>
        <line num="74" type="stmt" count="0"/>
        <line num="81" type="method" name="setIp" visibility="public" complexity="1" crap="2" count="0"/>
        <line num="83" type="stmt" count="0"/>
        <line num="84" type="stmt" count="0"/>
        <line num="90" type="method" name="getRemoteIp" visibility="public" complexity="1" crap="2" count="0"/>
        <line num="92" type="stmt" count="0"/>
        <line num="99" type="method" name="setRemoteIp" visibility="public" complexity="1" crap="2" count="0"/>
        <line num="101" type="stmt" count="0"/>
        <line num="102" type="stmt" count="0"/>
        <line num="108" type="method" name="getHeaders" visibility="public" complexity="1" crap="2" count="0"/>
        <line num="110" type="stmt" count="0"/>
        <line num="117" type="method" name="setHeaders" visibility="public" complexity="1" crap="2" count="0"/>
        <line num="119" type="stmt" count="0"/>
        <line num="120" type="stmt" count="0"/>
        <line num="126" type="method" name="getUrl" visibility="public" complexity="1" crap="2" count="0"/>
        <line num="128" type="stmt" count="0"/>
        <line num="135" type="method" name="setUrl" visibility="public" complexity="1" crap="2" count="0"/>
        <line num="137" type="stmt" count="0"/>
        <line num="138" type="stmt" count="0"/>
        <line num="144" type="method" name="getMethod" visibility="public" complexity="1" crap="2" count="0"/>
        <line num="146" type="stmt" count="0"/>
        <line num="153" type="method" name="setMethod" visibility="public" complexity="1" crap="2" count="0"/>
        <line num="155" type="stmt" count="0"/>
        <line num="156" type="stmt" count="0"/>
        <line num="162" type="method" name="getBody" visibility="public" complexity="1" crap="2" count="0"/>
        <line num="164" type="stmt" count="0"/>
        <line num="171" type="method" name="setBody" visibility="public" complexity="1" crap="2" count="0"/>
        <line num="173" type="stmt" count="0"/>
        <line num="174" type="stmt" count="0"/>
        <metrics loc="177" ncloc="118" classes="1" methods="16" coveredmethods="2" conditionals="0" coveredconditionals="0" statements="37" coveredstatements="16" elements="53" coveredelements="18"/>
      </file>
      <file name="/Users/inbaltako/code/securenative-php/src/SecureNativeOptions.php">
        <class name="SecureNative\sdk\SecureNativeOptions" namespace="SecureNative\sdk">
          <metrics complexity="42" methods="22" coveredmethods="14" conditionals="0" coveredconditionals="0" statements="52" coveredstatements="36" elements="74" coveredelements="50"/>
        </class>
        <line num="33" type="method" name="__construct" visibility="public" complexity="11" crap="11" count="14"/>
        <line num="35" type="stmt" count="14"/>
        <line num="36" type="stmt" count="14"/>
        <line num="37" type="stmt" count="14"/>
        <line num="38" type="stmt" count="14"/>
        <line num="39" type="stmt" count="14"/>
        <line num="40" type="stmt" count="14"/>
        <line num="41" type="stmt" count="14"/>
        <line num="42" type="stmt" count="14"/>
        <line num="43" type="stmt" count="14"/>
        <line num="44" type="stmt" count="14"/>
        <line num="45" type="stmt" count="14"/>
        <line num="50" type="method" name="getApiKey" visibility="public" complexity="1" crap="1" count="8"/>
        <line num="52" type="stmt" count="8"/>
        <line num="59" type="method" name="setApiKey" visibility="public" complexity="1" crap="1" count="3"/>
        <line num="61" type="stmt" count="3"/>
        <line num="62" type="stmt" count="3"/>
        <line num="68" type="method" name="getApiUrl" visibility="public" complexity="1" crap="1" count="8"/>
        <line num="70" type="stmt" count="8"/>
        <line num="77" type="method" name="setApiUrl" visibility="public" complexity="1" crap="1" count="3"/>
        <line num="79" type="stmt" count="3"/>
        <line num="80" type="stmt" count="3"/>
        <line num="86" type="method" name="getInterval" visibility="public" complexity="1" crap="1" count="8"/>
        <line num="88" type="stmt" count="8"/>
        <line num="95" type="method" name="setInterval" visibility="public" complexity="1" crap="2" count="0"/>
        <line num="97" type="stmt" count="0"/>
        <line num="98" type="stmt" count="0"/>
        <line num="104" type="method" name="getMaxEvents" visibility="public" complexity="1" crap="1" count="9"/>
        <line num="106" type="stmt" count="9"/>
        <line num="113" type="method" name="setMaxEvents" visibility="public" complexity="1" crap="2" count="0"/>
        <line num="115" type="stmt" count="0"/>
        <line num="116" type="stmt" count="0"/>
        <line num="122" type="method" name="getTimeout" visibility="public" complexity="1" crap="1" count="7"/>
        <line num="124" type="stmt" count="7"/>
        <line num="131" type="method" name="setTimeout" visibility="public" complexity="1" crap="2" count="0"/>
        <line num="133" type="stmt" count="0"/>
        <line num="134" type="stmt" count="0"/>
        <line num="140" type="method" name="isAutoSend" visibility="public" complexity="1" crap="1" count="7"/>
        <line num="142" type="stmt" count="7"/>
        <line num="149" type="method" name="setAutoSend" visibility="public" complexity="1" crap="2" count="0"/>
        <line num="151" type="stmt" count="0"/>
        <line num="152" type="stmt" count="0"/>
        <line num="158" type="method" name="isDisable" visibility="public" complexity="1" crap="1" count="7"/>
        <line num="160" type="stmt" count="7"/>
        <line num="167" type="method" name="setDisable" visibility="public" complexity="1" crap="2" count="0"/>
        <line num="169" type="stmt" count="0"/>
        <line num="170" type="stmt" count="0"/>
        <line num="176" type="method" name="getLogLevel" visibility="public" complexity="1" crap="1" count="7"/>
        <line num="178" type="stmt" count="7"/>
        <line num="185" type="method" name="setLogLevel" visibility="public" complexity="1" crap="2" count="0"/>
        <line num="187" type="stmt" count="0"/>
        <line num="188" type="stmt" count="0"/>
        <line num="194" type="method" name="getFailoverStrategy" visibility="public" complexity="1" crap="1" count="6"/>
        <line num="196" type="stmt" count="6"/>
        <line num="203" type="method" name="setFailoverStrategy" visibility="public" complexity="1" crap="2" count="0"/>
        <line num="205" type="stmt" count="0"/>
        <line num="206" type="stmt" count="0"/>
        <line num="212" type="method" name="getProxyHeaders" visibility="public" complexity="1" crap="1" count="11"/>
        <line num="214" type="stmt" count="11"/>
        <line num="221" type="method" name="setProxyHeaders" visibility="public" complexity="1" crap="2" count="0"/>
        <line num="223" type="stmt" count="0"/>
        <line num="224" type="stmt" count="0"/>
        <line num="231" type="method" name="mergeOptions" visibility="public" complexity="11" crap="11" count="4"/>
        <line num="232" type="stmt" count="4"/>
        <line num="233" type="stmt" count="4"/>
        <line num="234" type="stmt" count="4"/>
        <line num="235" type="stmt" count="4"/>
        <line num="236" type="stmt" count="4"/>
        <line num="237" type="stmt" count="4"/>
        <line num="238" type="stmt" count="4"/>
        <line num="239" type="stmt" count="4"/>
        <line num="240" type="stmt" count="4"/>
        <line num="241" type="stmt" count="4"/>
        <line num="242" type="stmt" count="4"/>
        <metrics loc="243" ncloc="167" classes="1" methods="22" coveredmethods="14" conditionals="0" coveredconditionals="0" statements="52" coveredstatements="36" elements="74" coveredelements="50"/>
      </file>
      <file name="/Users/inbaltako/code/securenative-php/src/Utils.php">
        <class name="SecureNative\sdk\Utils" namespace="SecureNative\sdk">
          <metrics complexity="29" methods="11" coveredmethods="2" conditionals="0" coveredconditionals="0" statements="53" coveredstatements="29" elements="64" coveredelements="31"/>
        </class>
        <line num="5" type="stmt" count="0"/>
        <line num="6" type="stmt" count="0"/>
        <line num="7" type="stmt" count="0"/>
        <line num="12" type="method" name="clientIpFromRequest" visibility="public" complexity="8" crap="22.91" count="9"/>
        <line num="14" type="stmt" count="9"/>
        <line num="15" type="stmt" count="0"/>
        <line num="16" type="stmt" count="0"/>
        <line num="17" type="stmt" count="0"/>
        <line num="18" type="stmt" count="0"/>
        <line num="23" type="stmt" count="9"/>
        <line num="24" type="stmt" count="0"/>
        <line num="25" type="stmt" count="0"/>
        <line num="27" type="stmt" count="9"/>
        <line num="28" type="stmt" count="0"/>
        <line num="30" type="stmt" count="9"/>
        <line num="31" type="stmt" count="0"/>
        <line num="33" type="stmt" count="9"/>
        <line num="36" type="method" name="userAgentFromRequest" visibility="public" complexity="2" crap="6" count="0"/>
        <line num="38" type="stmt" count="0"/>
        <line num="39" type="stmt" count="0"/>
        <line num="41" type="stmt" count="0"/>
        <line num="45" type="method" name="headersFromRequest" visibility="public" complexity="3" crap="3.71" count="9"/>
        <line num="47" type="stmt" count="9"/>
        <line num="48" type="stmt" count="9"/>
        <line num="49" type="stmt" count="9"/>
        <line num="50" type="stmt" count="0"/>
        <line num="51" type="stmt" count="0"/>
        <line num="52" type="stmt" count="0"/>
        <line num="55" type="stmt" count="9"/>
        <line num="58" type="method" name="urlFromRequest" visibility="public" complexity="3" crap="3.33" count="9"/>
        <line num="60" type="stmt" count="9"/>
        <line num="61" type="stmt" count="0"/>
        <line num="64" type="stmt" count="9"/>
        <line num="67" type="method" name="methodFromRequest" visibility="public" complexity="2" crap="2.15" count="9"/>
        <line num="69" type="stmt" count="9"/>
        <line num="70" type="stmt" count="0"/>
        <line num="72" type="stmt" count="9"/>
        <line num="75" type="method" name="securHeaderFromRequest" visibility="public" complexity="2" crap="2.15" count="9"/>
        <line num="77" type="stmt" count="9"/>
        <line num="78" type="stmt" count="0"/>
        <line num="80" type="stmt" count="9"/>
        <line num="83" type="method" name="cookieIdFromRequest" visibility="public" complexity="3" crap="3.33" count="9"/>
        <line num="85" type="stmt" count="9"/>
        <line num="86" type="stmt" count="0"/>
        <line num="89" type="stmt" count="9"/>
        <line num="92" type="method" name="generateGuidV4" visibility="public" complexity="1" crap="1" count="8"/>
        <line num="94" type="stmt" count="8"/>
        <line num="96" type="stmt" count="8"/>
        <line num="97" type="stmt" count="8"/>
        <line num="99" type="stmt" count="8"/>
        <line num="102" type="method" name="serialize" visibility="public" complexity="1" crap="1" count="7"/>
        <line num="104" type="stmt" count="7"/>
        <line num="107" type="method" name="decrypt" visibility="public" complexity="2" crap="2.01" count="8"/>
        <line num="109" type="stmt" count="8"/>
        <line num="110" type="stmt" count="8"/>
        <line num="112" type="stmt" count="8"/>
        <line num="113" type="stmt" count="8"/>
        <line num="115" type="stmt" count="8"/>
        <line num="116" type="stmt" count="0"/>
        <line num="118" type="stmt" count="8"/>
        <line num="119" type="stmt" count="8"/>
        <line num="123" type="method" name="encrypt" visibility="public" complexity="2" crap="6" count="0"/>
        <line num="124" type="stmt" count="0"/>
        <line num="126" type="stmt" count="0"/>
        <line num="127" type="stmt" count="0"/>
        <line num="129" type="stmt" count="0"/>
        <line num="130" type="stmt" count="0"/>
        <metrics loc="133" ncloc="133" classes="1" methods="11" coveredmethods="2" conditionals="0" coveredconditionals="0" statements="56" coveredstatements="29" elements="67" coveredelements="31"/>
      </file>
    </package>
    <metrics files="17" loc="1468" ncloc="1231" classes="15" methods="104" coveredmethods="40" conditionals="0" coveredconditionals="0" statements="444" coveredstatements="306" elements="548" coveredelements="346"/>
  </project>
</coverage>
